2018-02-27 15:49:48 INFO  BankDBDriver - UserID: 2 UserName: test logged in
2018-02-27 15:49:51 INFO  BankDBDriver - UserID: 2 viewed accounts.
2018-02-27 15:59:31 INFO  BankDBDriver - New user: Testy added
2018-02-27 16:00:09 INFO  BankDBDriver - UserID: 0 applied for an account.
2018-02-27 16:00:29 INFO  BankDBDriver - UserID: 0 withdrew $500.0 from Account Num: 10002
2018-02-27 16:00:32 INFO  BankDBDriver - UserID: 0 viewed accounts.
2018-02-27 16:10:19 INFO  BankDBDriver - UserID: logged out
2018-02-27 16:10:25 INFO  BankDBDriver - UserID: 1 UserName: admin logged in
2018-02-27 16:11:43 INFO  BankDBDriver - UserID: logged out
2018-02-27 16:12:29 INFO  BankDBDriver - UserID: 3 UserName: test2 logged in
2018-02-27 16:13:00 INFO  BankDBDriver - UserID: 3 applied for an account.
2018-02-27 16:36:58 INFO  BankDBDriver - New user: Tim added
2018-02-27 16:37:04 INFO  BankDBDriver - UserID: 0 viewed accounts.
2018-02-27 16:37:21 INFO  BankDBDriver - UserID: logged out
2018-02-27 16:37:38 INFO  BankDBDriver - New user: test4 added
2018-02-27 16:37:41 INFO  BankDBDriver - UserID: 0 viewed accounts.
2018-02-27 16:37:57 INFO  BankDBDriver - UserID: 0 applied for an account.
2018-02-27 16:38:10 INFO  BankDBDriver - UserID: logged out
2018-02-27 16:38:18 INFO  BankDBDriver - UserID: 1 UserName: admin logged in
2018-02-27 16:39:20 INFO  BankDBDriver - UserID: logged out
2018-02-27 16:39:33 INFO  BankDBDriver - UserID: 2 UserName: test logged in
2018-02-27 16:39:42 INFO  BankDBDriver - UserID: 2 viewed accounts.
2018-02-27 16:39:51 INFO  BankDBDriver - UserID: 2 applied for an account.
2018-02-27 16:40:07 INFO  BankDBDriver - UserID: 2 withdrew $500.0 from Account Num: 10000
2018-02-27 16:40:09 INFO  BankDBDriver - UserID: 2 viewed accounts.
2018-02-27 16:40:13 INFO  BankDBDriver - UserID: logged out
